Unity Editor version:    2022.3.23f1 (dbb3f7c5b5c6)
Branch:                  2022.3/staging
Build type:              Release
Batch mode:              YES
macOS version:           Version 14.4.1 (Build 23E224)
Darwin version:          23.4.0
Architecture:            x86_64
Running under Rosetta:   YES
Available memory:        8192 MB
Using pre-set license
Pro License: YES

COMMAND LINE ARGUMENTS:
/Applications/Unity/Hub/Editor/2022.3.23f1-x86_64/Unity.app/Contents/MacOS/Unity
-adb2
-batchMode
-noUpm
-name
AssetImportWorker0
-projectPath
/Users/justinlu/Downloads/newass2 copy 2
-logFile
Logs/AssetImportWorker0.log
-srvPort
54301
Successfully changed project path to: /Users/justinlu/Downloads/newass2 copy 2
/Users/justinlu/Downloads/newass2 copy 2
[UnityMemory] Configuration Parameters - Can be set up in boot.config
    "memorysetup-bucket-allocator-granularity=16"
    "memorysetup-bucket-allocator-bucket-count=8"
    "memorysetup-bucket-allocator-block-size=33554432"
    "memorysetup-bucket-allocator-block-count=8"
    "memorysetup-main-allocator-block-size=16777216"
    "memorysetup-thread-allocator-block-size=16777216"
    "memorysetup-gfx-main-allocator-block-size=16777216"
    "memorysetup-gfx-thread-allocator-block-size=16777216"
    "memorysetup-cache-allocator-block-size=4194304"
    "memorysetup-typetree-allocator-block-size=2097152"
    "memorysetup-profiler-bucket-allocator-granularity=16"
    "memorysetup-profiler-bucket-allocator-bucket-count=8"
    "memorysetup-profiler-bucket-allocator-block-size=33554432"
    "memorysetup-profiler-bucket-allocator-block-count=8"
    "memorysetup-profiler-allocator-block-size=16777216"
    "memorysetup-profiler-editor-allocator-block-size=1048576"
    "memorysetup-temp-allocator-size-main=16777216"
    "memorysetup-job-temp-allocator-block-size=2097152"
    "memorysetup-job-temp-allocator-block-size-background=1048576"
    "memorysetup-job-temp-allocator-reduction-small-platforms=262144"
    "memorysetup-allocator-temp-initial-block-size-main=262144"
    "memorysetup-allocator-temp-initial-block-size-worker=262144"
    "memorysetup-temp-allocator-size-background-worker=32768"
    "memorysetup-temp-allocator-size-job-worker=262144"
    "memorysetup-temp-allocator-size-preload-manager=33554432"
    "memorysetup-temp-allocator-size-nav-mesh-worker=65536"
    "memorysetup-temp-allocator-size-audio-worker=65536"
    "memorysetup-temp-allocator-size-cloud-worker=32768"
    "memorysetup-temp-allocator-size-gi-baking-worker=262144"
    "memorysetup-temp-allocator-size-gfx=262144"
Player connection [8784949824] Host "[IP] 10.173.166.178 [Port] 0 [Flags] 2 [Guid] 3186155723 [EditorId] 3186155723 [Version] 1048832 [Id] OSXEditor(0,Justins-MacBook-Air.local) [Debug] 1 [PackageName] OSXEditor [ProjectName] Editor" joined multi-casting on [225.0.0.222:54997]...

Player connection [8784949824] Host "[IP] 10.173.166.178 [Port] 0 [Flags] 2 [Guid] 3186155723 [EditorId] 3186155723 [Version] 1048832 [Id] OSXEditor(0,Justins-MacBook-Air.local) [Debug] 1 [PackageName] OSXEditor [ProjectName] Editor" joined alternative multi-casting on [225.0.0.222:34997]...

[Physics::Module] Initialized MultithreadedJobDispatcher with 7 workers.
Refreshing native plugins compatible for Editor in 13.19 ms, found 3 plugins.
Preloading 0 native plugins for Editor in 0.00 ms.
Initialize engine version: 2022.3.23f1 (dbb3f7c5b5c6)
[Subsystems] Discovering subsystems at path /Applications/Unity/Hub/Editor/2022.3.23f1-x86_64/Unity.app/Contents/Resources/UnitySubsystems
[Subsystems] Discovering subsystems at path /Users/justinlu/Downloads/newass2 copy 2/Assets
GfxDevice: creating device client; threaded=0; jobified=0
 preferred device: Apple M1 (high power)
Metal devices available: 1
0: Apple M1 (high power)
Using device Apple M1 (high power)
Initializing Metal device caps: Apple M1
Initialize mono
Mono path[0] = '/Applications/Unity/Hub/Editor/2022.3.23f1-x86_64/Unity.app/Contents/Managed'
Mono path[1] = '/Applications/Unity/Hub/Editor/2022.3.23f1-x86_64/Unity.app/Contents/MonoBleedingEdge/lib/mono/unityjit-macos'
Mono config path = '/Applications/Unity/Hub/Editor/2022.3.23f1-x86_64/Unity.app/Contents/MonoBleedingEdge/etc'
Using monoOptions --debugger-agent=transport=dt_socket,embedding=1,server=y,suspend=n,address=127.0.0.1:56146
Begin MonoManager ReloadAssembly
Registering precompiled unity dll's ...
Register platform support module: /Applications/Unity/Hub/Editor/2022.3.23f1-x86_64/Unity.app/Contents/PlaybackEngines/MacStandaloneSupport/UnityEditor.OSXStandalone.Extensions.dll
Register platform support module: /Applications/Unity/Hub/Editor/2022.3.23f1-x86_64/PlaybackEngines/iOSSupport/UnityEditor.iOS.Extensions.dll
Registered in 0.004278 seconds.
- Loaded All Assemblies, in  1.430 seconds
[usbmuxd] Start listen thread
[usbmuxd] Listen thread started
[usbmuxd] Send listen message
Native extension for iOS target not found
Native extension for OSXStandalone target not found
Mono: successfully reloaded assembly
- Finished resetting the current domain, in  1.937 seconds
Domain Reload Profiling: 3371ms
	BeginReloadAssembly (545ms)
		ExecutionOrderSort (0ms)
		DisableScriptedObjects (0ms)
		BackupInstance (0ms)
		ReleaseScriptingObjects (0ms)
		CreateAndSetChildDomain (7ms)
	RebuildCommonClasses (145ms)
	RebuildNativeTypeToScriptingClass (37ms)
	initialDomainReloadingComplete (344ms)
	LoadAllAssembliesAndSetupDomain (358ms)
		LoadAssemblies (538ms)
		RebuildTransferFunctionScriptingTraits (0ms)
		AnalyzeDomain (348ms)
			TypeCache.Refresh (343ms)
				TypeCache.ScanAssembly (301ms)
			ScanForSourceGeneratedMonoScriptInfo (1ms)
			ResolveRequiredComponents (3ms)
	FinalizeReload (1941ms)
		ReleaseScriptCaches (0ms)
		RebuildScriptCaches (0ms)
		SetupLoadedEditorAssemblies (1663ms)
			LogAssemblyErrors (0ms)
			InitializePlatformSupportModulesInManaged (289ms)
			SetLoadedEditorAssemblies (23ms)
			RefreshPlugins (0ms)
			BeforeProcessingInitializeOnLoad (15ms)
			ProcessInitializeOnLoadAttributes (986ms)
			ProcessInitializeOnLoadMethodAttributes (348ms)
			AfterProcessingInitializeOnLoad (0ms)
			EditorAssembliesLoaded (1ms)
		ExecutionOrderSort2 (0ms)
		AwakeInstancesAfterBackupRestoration (0ms)
========================================================================
Worker process is ready to serve import requests
Begin MonoManager ReloadAssembly
- Loaded All Assemblies, in  2.163 seconds
Refreshing native plugins compatible for Editor in 3.77 ms, found 3 plugins.
Native extension for iOS target not found
Native extension for OSXStandalone target not found
Package Manager log level set to [2]
[Package Manager] Server::EnsureServerProcessIsRunning -- launch failed, reason: Unity was launched with the -noUpm command-line argument
[Package Manager] UpmClient::Send -- Unable to send message (not connected to UPM process).
[Package Manager] Cannot connect to Unity Package Manager local server
[Package Manager] Server::EnsureServerProcessIsRunning -- launch failed, reason: Unity was launched with the -noUpm command-line argument
[Package Manager] UpmClient::Send -- Unable to send message (not connected to UPM process).
[Package Manager] Cannot connect to Unity Package Manager local server
Mono: successfully reloaded assembly
[Package Manager] Server::EnsureServerProcessIsRunning -- launch failed, reason: Unity was launched with the -noUpm command-line argument
[Package Manager] UpmClient::Send -- Unable to send message (not connected to UPM process).
[Package Manager] Cannot connect to Unity Package Manager local server
[Package Manager] Server::EnsureServerProcessIsRunning -- launch failed, reason: Unity was launched with the -noUpm command-line argument
[Package Manager] UpmClient::Send -- Unable to send message (not connected to UPM process).
[Package Manager] Cannot connect to Unity Package Manager local server
- Finished resetting the current domain, in  3.448 seconds
Domain Reload Profiling: 5659ms
	BeginReloadAssembly (689ms)
		ExecutionOrderSort (0ms)
		DisableScriptedObjects (65ms)
		BackupInstance (0ms)
		ReleaseScriptingObjects (1ms)
		CreateAndSetChildDomain (112ms)
	RebuildCommonClasses (77ms)
	RebuildNativeTypeToScriptingClass (21ms)
	initialDomainReloadingComplete (190ms)
	LoadAllAssembliesAndSetupDomain (1232ms)
		LoadAssemblies (873ms)
		RebuildTransferFunctionScriptingTraits (0ms)
		AnalyzeDomain (604ms)
			TypeCache.Refresh (445ms)
				TypeCache.ScanAssembly (390ms)
			ScanForSourceGeneratedMonoScriptInfo (95ms)
			ResolveRequiredComponents (63ms)
	FinalizeReload (3450ms)
		ReleaseScriptCaches (0ms)
		RebuildScriptCaches (0ms)
		SetupLoadedEditorAssemblies (2820ms)
			LogAssemblyErrors (0ms)
			InitializePlatformSupportModulesInManaged (105ms)
			SetLoadedEditorAssemblies (11ms)
			RefreshPlugins (0ms)
			BeforeProcessingInitializeOnLoad (213ms)
			ProcessInitializeOnLoadAttributes (1970ms)
			ProcessInitializeOnLoadMethodAttributes (516ms)
			AfterProcessingInitializeOnLoad (2ms)
			EditorAssembliesLoaded (2ms)
		ExecutionOrderSort2 (0ms)
		AwakeInstancesAfterBackupRestoration (24ms)
Launching external process: /Applications/Unity/Hub/Editor/2022.3.23f1-x86_64/Unity.app/Contents/Tools/UnityShaderCompiler
Launched and connected shader compiler UnityShaderCompiler after 0.53 seconds
Refreshing native plugins compatible for Editor in 5.15 ms, found 3 plugins.
Preloading 0 native plugins for Editor in 0.00 ms.
Unloading 6744 Unused Serialized files (Serialized files now loaded: 0)
Unloading 93 unused Assets / (2.1 MB). Loaded Objects now: 7200.
Memory consumption went from 261.3 MB to 259.2 MB.
Total: 24.463083 ms (FindLiveObjects: 1.402958 ms CreateObjectMapping: 0.360292 ms MarkObjects: 16.553791 ms  DeleteObjects: 6.144292 ms)

AssetImportParameters requested are different than current active one (requested -> active):
  custom:container-demuxer-ogg: 62fdf1f143b41e24485cea50d1cbac27 -> 
  custom:container-muxer-webm: aa71ff27fc2769a1b78a27578f13a17b -> 
  custom:video-decoder-webm-vp8: 9c59270c3fd7afecdb556c50c9e8de78 -> 
  custom:SearchIndexIgnoredProperties: e643bd26f0fe6173181afceb89e7c659 -> 
  custom:AudioImporter_EditorPlatform: 3918e3fc78b5a79bad01e8451be0beb8 -> 
  custom:audio-decoder-ogg-vorbis: bf7c407c2cedff20999df2af8eb42d56 -> 
  custom:audio-encoder-webm-vorbis: bf7c407c2cedff20999df2af8eb42d56 -> 
  custom:video-decoder-ogg-theora: a1e56fd34408186e4bbccfd4996cb3dc -> 
  custom:CustomObjectIndexerAttribute: 72b91833f83ae208fae7752999fa3104 -> 
  custom:container-demuxer-webm: 4f35f7cbe854078d1ac9338744f61a02 -> 
  custom:framework-osx-AVFoundation: e770b220cccbd017edd2c1fefb359320 -> 
  custom:video-encoder-webm-vp8: eb34c28f22e8b96e1ab97ce403110664 -> 
========================================================================
Received Prepare
Begin MonoManager ReloadAssembly
- Loaded All Assemblies, in  1.325 seconds
Refreshing native plugins compatible for Editor in 3.50 ms, found 3 plugins.
Native extension for iOS target not found
Native extension for OSXStandalone target not found
[Package Manager] Server::EnsureServerProcessIsRunning -- launch failed, reason: Unity was launched with the -noUpm command-line argument
[Package Manager] UpmClient::Send -- Unable to send message (not connected to UPM process).
[Package Manager] Cannot connect to Unity Package Manager local server
[Package Manager] Server::EnsureServerProcessIsRunning -- launch failed, reason: Unity was launched with the -noUpm command-line argument
[Package Manager] UpmClient::Send -- Unable to send message (not connected to UPM process).
[Package Manager] Cannot connect to Unity Package Manager local server
Mono: successfully reloaded assembly
[Package Manager] Server::EnsureServerProcessIsRunning -- launch failed, reason: Unity was launched with the -noUpm command-line argument
[Package Manager] UpmClient::Send -- Unable to send message (not connected to UPM process).
[Package Manager] Cannot connect to Unity Package Manager local server
- Finished resetting the current domain, in  4.278 seconds
Domain Reload Profiling: 5604ms
	BeginReloadAssembly (521ms)
		ExecutionOrderSort (0ms)
		DisableScriptedObjects (43ms)
		BackupInstance (0ms)
		ReleaseScriptingObjects (0ms)
		CreateAndSetChildDomain (135ms)
	RebuildCommonClasses (74ms)
	RebuildNativeTypeToScriptingClass (22ms)
	initialDomainReloadingComplete (87ms)
	LoadAllAssembliesAndSetupDomain (620ms)
		LoadAssemblies (778ms)
		RebuildTransferFunctionScriptingTraits (0ms)
		AnalyzeDomain (79ms)
			TypeCache.Refresh (17ms)
				TypeCache.ScanAssembly (0ms)
			ScanForSourceGeneratedMonoScriptInfo (0ms)
			ResolveRequiredComponents (61ms)
	FinalizeReload (4280ms)
		ReleaseScriptCaches (0ms)
		RebuildScriptCaches (0ms)
		SetupLoadedEditorAssemblies (2843ms)
			LogAssemblyErrors (0ms)
			InitializePlatformSupportModulesInManaged (103ms)
			SetLoadedEditorAssemblies (11ms)
			RefreshPlugins (0ms)
			BeforeProcessingInitializeOnLoad (233ms)
			ProcessInitializeOnLoadAttributes (1998ms)
			ProcessInitializeOnLoadMethodAttributes (496ms)
			AfterProcessingInitializeOnLoad (2ms)
			EditorAssembliesLoaded (1ms)
		ExecutionOrderSort2 (0ms)
		AwakeInstancesAfterBackupRestoration (60ms)
Refreshing native plugins compatible for Editor in 3.54 ms, found 3 plugins.
Preloading 0 native plugins for Editor in 0.00 ms.
Unloading 6565 Unused Serialized files (Serialized files now loaded: 0)
Unloading 55 unused Assets / (2.1 MB). Loaded Objects now: 7205.
Memory consumption went from 235.4 MB to 233.3 MB.
Total: 18.883000 ms (FindLiveObjects: 3.010875 ms CreateObjectMapping: 0.612625 ms MarkObjects: 13.349667 ms  DeleteObjects: 1.908500 ms)

Prepare: number of updated asset objects reloaded= 0
AssetImportParameters requested are different than current active one (requested -> active):
  custom:container-demuxer-ogg: 62fdf1f143b41e24485cea50d1cbac27 -> 
  custom:container-muxer-webm: aa71ff27fc2769a1b78a27578f13a17b -> 
  custom:video-decoder-webm-vp8: 9c59270c3fd7afecdb556c50c9e8de78 -> 
  custom:SearchIndexIgnoredProperties: e643bd26f0fe6173181afceb89e7c659 -> 
  custom:AudioImporter_EditorPlatform: 3918e3fc78b5a79bad01e8451be0beb8 -> 
  custom:audio-decoder-ogg-vorbis: bf7c407c2cedff20999df2af8eb42d56 -> 
  custom:audio-encoder-webm-vorbis: bf7c407c2cedff20999df2af8eb42d56 -> 
  custom:video-decoder-ogg-theora: a1e56fd34408186e4bbccfd4996cb3dc -> 
  custom:CustomObjectIndexerAttribute: 72b91833f83ae208fae7752999fa3104 -> 
  custom:container-demuxer-webm: 4f35f7cbe854078d1ac9338744f61a02 -> 
  custom:framework-osx-AVFoundation: e770b220cccbd017edd2c1fefb359320 -> 
  custom:video-encoder-webm-vp8: eb34c28f22e8b96e1ab97ce403110664 -> 
========================================================================
Received Import Request.
  Time since last request: 45366.848337 seconds.
  path: Assets/Spawn Objects/pottedPlant.prefab
  artifactKey: Guid(0f8d53981e0464aabadbe1415f2ca0bd) Importer(815301076,1909f56bfc062723c751e8b465ee728b)
Start importing Assets/Spawn Objects/pottedPlant.prefab using Guid(0f8d53981e0464aabadbe1415f2ca0bd) Importer(815301076,1909f56bfc062723c751e8b465ee728b)  -> (artifact id: 'a3d3ecb65eb6bf7c725799507c929522') in 1.553021 seconds
Number of updated asset objects reloaded before import = 0
Number of asset objects unloaded after import = 34
========================================================================
Received Import Request.
  Time since last request: 0.000355 seconds.
  path: Assets/Spawn Objects/Pot.prefab
  artifactKey: Guid(ef2655fcf152846299942d6c8e43a1cd) Importer(815301076,1909f56bfc062723c751e8b465ee728b)
Start importing Assets/Spawn Objects/Pot.prefab using Guid(ef2655fcf152846299942d6c8e43a1cd) Importer(815301076,1909f56bfc062723c751e8b465ee728b)  -> (artifact id: '4c8437031bb3edd4f67d1e6d4d65e761') in 0.078305 seconds
Number of updated asset objects reloaded before import = 0
Number of asset objects unloaded after import = 30
========================================================================
Received Import Request.
  Time since last request: 0.000129 seconds.
  path: Assets/Spawn Objects/Bottle1.prefab
  artifactKey: Guid(e1b446070dd325d4b91368103e801e98) Importer(815301076,1909f56bfc062723c751e8b465ee728b)
Start importing Assets/Spawn Objects/Bottle1.prefab using Guid(e1b446070dd325d4b91368103e801e98) Importer(815301076,1909f56bfc062723c751e8b465ee728b)  -> (artifact id: '51b29834da00de3404b0d8821af3078a') in 0.022616 seconds
Number of updated asset objects reloaded before import = 0
Number of asset objects unloaded after import = 21
========================================================================
Received Import Request.
  Time since last request: 7.814446 seconds.
  path: Assets/Spawn Objects/Avocado.prefab
  artifactKey: Guid(b504c3216c0d949a2858d9cf4016aff9) Importer(815301076,1909f56bfc062723c751e8b465ee728b)
Start importing Assets/Spawn Objects/Avocado.prefab using Guid(b504c3216c0d949a2858d9cf4016aff9) Importer(815301076,1909f56bfc062723c751e8b465ee728b)  -> (artifact id: '1d17426f87f88cf35d0d0208d46d3d5e') in 0.001741 seconds
Number of updated asset objects reloaded before import = 0
Number of asset objects unloaded after import = 0
========================================================================
Received Import Request.
  Time since last request: 0.000163 seconds.
  path: Assets/Spawn Objects/pottedPlant.prefab
  artifactKey: Guid(0f8d53981e0464aabadbe1415f2ca0bd) Importer(815301076,1909f56bfc062723c751e8b465ee728b)
Start importing Assets/Spawn Objects/pottedPlant.prefab using Guid(0f8d53981e0464aabadbe1415f2ca0bd) Importer(815301076,1909f56bfc062723c751e8b465ee728b)  -> (artifact id: 'f650dc9211151fb417bb5ca8907a52a9') in 0.043200 seconds
Number of updated asset objects reloaded before import = 0
Number of asset objects unloaded after import = 15
========================================================================
Received Import Request.
  Time since last request: 152.405939 seconds.
  path: Assets/Spawn Objects/Avocado.prefab
  artifactKey: Guid(b504c3216c0d949a2858d9cf4016aff9) Importer(815301076,1909f56bfc062723c751e8b465ee728b)
Start importing Assets/Spawn Objects/Avocado.prefab using Guid(b504c3216c0d949a2858d9cf4016aff9) Importer(815301076,1909f56bfc062723c751e8b465ee728b)  -> (artifact id: '1d17426f87f88cf35d0d0208d46d3d5e') in 0.003080 seconds
Number of updated asset objects reloaded before import = 0
Number of asset objects unloaded after import = 0
========================================================================
Received Import Request.
  Time since last request: 220.542229 seconds.
  path: Assets/Spawn Objects/pottedPlant.prefab
  artifactKey: Guid(0f8d53981e0464aabadbe1415f2ca0bd) Importer(815301076,1909f56bfc062723c751e8b465ee728b)
Start importing Assets/Spawn Objects/pottedPlant.prefab using Guid(0f8d53981e0464aabadbe1415f2ca0bd) Importer(815301076,1909f56bfc062723c751e8b465ee728b)  -> (artifact id: '20bc1de31d8215abeab3275a3350c86b') in 0.060761 seconds
Number of updated asset objects reloaded before import = 0
Number of asset objects unloaded after import = 14
========================================================================
Received Import Request.
  Time since last request: 0.029050 seconds.
  path: Assets/Spawn Objects/Avocado.prefab
  artifactKey: Guid(b504c3216c0d949a2858d9cf4016aff9) Importer(815301076,1909f56bfc062723c751e8b465ee728b)
Start importing Assets/Spawn Objects/Avocado.prefab using Guid(b504c3216c0d949a2858d9cf4016aff9) Importer(815301076,1909f56bfc062723c751e8b465ee728b)  -> (artifact id: '1d17426f87f88cf35d0d0208d46d3d5e') in 0.001773 seconds
Number of updated asset objects reloaded before import = 0
Number of asset objects unloaded after import = 0
========================================================================
Received Import Request.
  Time since last request: 73.492499 seconds.
  path: Assets/Spawn Objects/Avocado.prefab
  artifactKey: Guid(b504c3216c0d949a2858d9cf4016aff9) Importer(815301076,1909f56bfc062723c751e8b465ee728b)
Start importing Assets/Spawn Objects/Avocado.prefab using Guid(b504c3216c0d949a2858d9cf4016aff9) Importer(815301076,1909f56bfc062723c751e8b465ee728b)  -> (artifact id: '1d17426f87f88cf35d0d0208d46d3d5e') in 0.003099 seconds
Number of updated asset objects reloaded before import = 0
Number of asset objects unloaded after import = 0
========================================================================
Received Import Request.
  Time since last request: 0.000573 seconds.
  path: Assets/Spawn Objects/pottedPlant.prefab
  artifactKey: Guid(0f8d53981e0464aabadbe1415f2ca0bd) Importer(815301076,1909f56bfc062723c751e8b465ee728b)
Start importing Assets/Spawn Objects/pottedPlant.prefab using Guid(0f8d53981e0464aabadbe1415f2ca0bd) Importer(815301076,1909f56bfc062723c751e8b465ee728b)  -> (artifact id: 'ae4680cf00efcd5f48735ddc2d86ce0d') in 0.104701 seconds
Number of updated asset objects reloaded before import = 0
Number of asset objects unloaded after import = 14
========================================================================
Received Import Request.
  Time since last request: 0.000093 seconds.
  path: Assets/Spawn Objects/Milk.prefab
  artifactKey: Guid(95aee31dbd865436a8a178d52653f9c6) Importer(815301076,1909f56bfc062723c751e8b465ee728b)
Start importing Assets/Spawn Objects/Milk.prefab using Guid(95aee31dbd865436a8a178d52653f9c6) Importer(815301076,1909f56bfc062723c751e8b465ee728b)  -> (artifact id: '96266dfb8af34a7818eb84e70c0a8545') in 0.045532 seconds
Number of updated asset objects reloaded before import = 0
Number of asset objects unloaded after import = 25
========================================================================
Received Import Request.
  Time since last request: 0.000055 seconds.
  path: Assets/Spawn Objects/Meat.prefab
  artifactKey: Guid(86739183ed30b4c3dbb1dba1bf16e990) Importer(815301076,1909f56bfc062723c751e8b465ee728b)
Start importing Assets/Spawn Objects/Meat.prefab using Guid(86739183ed30b4c3dbb1dba1bf16e990) Importer(815301076,1909f56bfc062723c751e8b465ee728b)  -> (artifact id: 'd789c93f22de9e25b97dd93e843ce82d') in 0.023950 seconds
Number of updated asset objects reloaded before import = 0
Number of asset objects unloaded after import = 25
========================================================================
Received Import Request.
  Time since last request: 0.000115 seconds.
  path: Assets/Spawn Objects/Can_Black.prefab
  artifactKey: Guid(39219a10507294d84b0059cb177de017) Importer(815301076,1909f56bfc062723c751e8b465ee728b)
Start importing Assets/Spawn Objects/Can_Black.prefab using Guid(39219a10507294d84b0059cb177de017) Importer(815301076,1909f56bfc062723c751e8b465ee728b)  -> (artifact id: '0a79499942b6370ba80bce3dafa5ea85') in 0.000634 seconds
Number of updated asset objects reloaded before import = 0
Number of asset objects unloaded after import = 0
========================================================================
Received Prepare
Begin MonoManager ReloadAssembly
- Loaded All Assemblies, in  1.585 seconds
Refreshing native plugins compatible for Editor in 3.54 ms, found 3 plugins.
Native extension for iOS target not found
Native extension for OSXStandalone target not found
[Package Manager] Server::EnsureServerProcessIsRunning -- launch failed, reason: Unity was launched with the -noUpm command-line argument
[Package Manager] UpmClient::Send -- Unable to send message (not connected to UPM process).
[Package Manager] Cannot connect to Unity Package Manager local server
[Package Manager] Server::EnsureServerProcessIsRunning -- launch failed, reason: Unity was launched with the -noUpm command-line argument
[Package Manager] UpmClient::Send -- Unable to send message (not connected to UPM process).
[Package Manager] Cannot connect to Unity Package Manager local server
Mono: successfully reloaded assembly
[Package Manager] Server::EnsureServerProcessIsRunning -- launch failed, reason: Unity was launched with the -noUpm command-line argument
[Package Manager] UpmClient::Send -- Unable to send message (not connected to UPM process).
[Package Manager] Cannot connect to Unity Package Manager local server
- Finished resetting the current domain, in  4.664 seconds
Domain Reload Profiling: 6252ms
	BeginReloadAssembly (620ms)
		ExecutionOrderSort (0ms)
		DisableScriptedObjects (94ms)
		BackupInstance (0ms)
		ReleaseScriptingObjects (0ms)
		CreateAndSetChildDomain (181ms)
	RebuildCommonClasses (82ms)
	RebuildNativeTypeToScriptingClass (20ms)
	initialDomainReloadingComplete (113ms)
	LoadAllAssembliesAndSetupDomain (751ms)
		LoadAssemblies (823ms)
		RebuildTransferFunctionScriptingTraits (0ms)
		AnalyzeDomain (175ms)
			TypeCache.Refresh (32ms)
				TypeCache.ScanAssembly (3ms)
			ScanForSourceGeneratedMonoScriptInfo (85ms)
			ResolveRequiredComponents (57ms)
	FinalizeReload (4666ms)
		ReleaseScriptCaches (0ms)
		RebuildScriptCaches (0ms)
		SetupLoadedEditorAssemblies (2995ms)
			LogAssemblyErrors (0ms)
			InitializePlatformSupportModulesInManaged (114ms)
			SetLoadedEditorAssemblies (13ms)
			RefreshPlugins (0ms)
			BeforeProcessingInitializeOnLoad (247ms)
			ProcessInitializeOnLoadAttributes (2077ms)
			ProcessInitializeOnLoadMethodAttributes (533ms)
			AfterProcessingInitializeOnLoad (4ms)
			EditorAssembliesLoaded (6ms)
		ExecutionOrderSort2 (1ms)
		AwakeInstancesAfterBackupRestoration (81ms)
Refreshing native plugins compatible for Editor in 4.02 ms, found 3 plugins.
Preloading 0 native plugins for Editor in 0.00 ms.
Unloading 6565 Unused Serialized files (Serialized files now loaded: 0)
Unloading 55 unused Assets / (2.1 MB). Loaded Objects now: 7257.
Memory consumption went from 245.8 MB to 243.7 MB.
Total: 11.712958 ms (FindLiveObjects: 0.604917 ms CreateObjectMapping: 0.373709 ms MarkObjects: 9.091292 ms  DeleteObjects: 1.641792 ms)

Prepare: number of updated asset objects reloaded= 0
AssetImportParameters requested are different than current active one (requested -> active):
  custom:container-demuxer-ogg: 62fdf1f143b41e24485cea50d1cbac27 -> 
  custom:container-muxer-webm: aa71ff27fc2769a1b78a27578f13a17b -> 
  custom:video-decoder-webm-vp8: 9c59270c3fd7afecdb556c50c9e8de78 -> 
  custom:SearchIndexIgnoredProperties: e643bd26f0fe6173181afceb89e7c659 -> 
  custom:AudioImporter_EditorPlatform: 3918e3fc78b5a79bad01e8451be0beb8 -> 
  custom:audio-decoder-ogg-vorbis: bf7c407c2cedff20999df2af8eb42d56 -> 
  custom:audio-encoder-webm-vorbis: bf7c407c2cedff20999df2af8eb42d56 -> 
  custom:video-decoder-ogg-theora: a1e56fd34408186e4bbccfd4996cb3dc -> 
  custom:CustomObjectIndexerAttribute: 72b91833f83ae208fae7752999fa3104 -> 
  custom:container-demuxer-webm: 4f35f7cbe854078d1ac9338744f61a02 -> 
  custom:framework-osx-AVFoundation: e770b220cccbd017edd2c1fefb359320 -> 
  custom:video-encoder-webm-vp8: eb34c28f22e8b96e1ab97ce403110664 -> 
========================================================================
Received Import Request.
  Time since last request: 27.215181 seconds.
  path: Assets/Spawn Objects/Can_Black.prefab
  artifactKey: Guid(39219a10507294d84b0059cb177de017) Importer(815301076,1909f56bfc062723c751e8b465ee728b)
Start importing Assets/Spawn Objects/Can_Black.prefab using Guid(39219a10507294d84b0059cb177de017) Importer(815301076,1909f56bfc062723c751e8b465ee728b)  -> (artifact id: 'afcd3483bf6a2e98a56a312d5ebe5730') in 1.590668 seconds
Number of updated asset objects reloaded before import = 0
Number of asset objects unloaded after import = 35
========================================================================
Received Import Request.
  Time since last request: 152.580927 seconds.
  path: Assets/Spawn Objects/pottedPlant.prefab
  artifactKey: Guid(0f8d53981e0464aabadbe1415f2ca0bd) Importer(815301076,1909f56bfc062723c751e8b465ee728b)
Start importing Assets/Spawn Objects/pottedPlant.prefab using Guid(0f8d53981e0464aabadbe1415f2ca0bd) Importer(815301076,1909f56bfc062723c751e8b465ee728b)  -> (artifact id: '8e1a30588f020b3c48de7f7f6867f5cb') in 0.089364 seconds
Number of updated asset objects reloaded before import = 0
Number of asset objects unloaded after import = 15
========================================================================
Received Prepare
Begin MonoManager ReloadAssembly
- Loaded All Assemblies, in  1.400 seconds
Refreshing native plugins compatible for Editor in 6.35 ms, found 3 plugins.
Native extension for iOS target not found
Native extension for OSXStandalone target not found
[Package Manager] Server::EnsureServerProcessIsRunning -- launch failed, reason: Unity was launched with the -noUpm command-line argument
[Package Manager] UpmClient::Send -- Unable to send message (not connected to UPM process).
[Package Manager] Cannot connect to Unity Package Manager local server
[Package Manager] Server::EnsureServerProcessIsRunning -- launch failed, reason: Unity was launched with the -noUpm command-line argument
[Package Manager] UpmClient::Send -- Unable to send message (not connected to UPM process).
[Package Manager] Cannot connect to Unity Package Manager local server
Mono: successfully reloaded assembly
[Package Manager] Server::EnsureServerProcessIsRunning -- launch failed, reason: Unity was launched with the -noUpm command-line argument
[Package Manager] UpmClient::Send -- Unable to send message (not connected to UPM process).
[Package Manager] Cannot connect to Unity Package Manager local server
- Finished resetting the current domain, in  4.298 seconds
Domain Reload Profiling: 5701ms
	BeginReloadAssembly (564ms)
		ExecutionOrderSort (0ms)
		DisableScriptedObjects (91ms)
		BackupInstance (0ms)
		ReleaseScriptingObjects (0ms)
		CreateAndSetChildDomain (153ms)
	RebuildCommonClasses (68ms)
	RebuildNativeTypeToScriptingClass (20ms)
	initialDomainReloadingComplete (91ms)
	LoadAllAssembliesAndSetupDomain (658ms)
		LoadAssemblies (803ms)
		RebuildTransferFunctionScriptingTraits (0ms)
		AnalyzeDomain (81ms)
			TypeCache.Refresh (17ms)
				TypeCache.ScanAssembly (0ms)
			ScanForSourceGeneratedMonoScriptInfo (0ms)
			ResolveRequiredComponents (63ms)
	FinalizeReload (4301ms)
		ReleaseScriptCaches (0ms)
		RebuildScriptCaches (0ms)
		SetupLoadedEditorAssemblies (2782ms)
			LogAssemblyErrors (1ms)
			InitializePlatformSupportModulesInManaged (102ms)
			SetLoadedEditorAssemblies (11ms)
			RefreshPlugins (0ms)
			BeforeProcessingInitializeOnLoad (226ms)
			ProcessInitializeOnLoadAttributes (1939ms)
			ProcessInitializeOnLoadMethodAttributes (500ms)
			AfterProcessingInitializeOnLoad (2ms)
			EditorAssembliesLoaded (2ms)
		ExecutionOrderSort2 (0ms)
		AwakeInstancesAfterBackupRestoration (60ms)
Refreshing native plugins compatible for Editor in 3.11 ms, found 3 plugins.
Preloading 0 native plugins for Editor in 0.00 ms.
Unloading 6565 Unused Serialized files (Serialized files now loaded: 0)
Unloading 55 unused Assets / (2.1 MB). Loaded Objects now: 7299.
Memory consumption went from 253.8 MB to 251.7 MB.
Total: 13.167041 ms (FindLiveObjects: 0.799292 ms CreateObjectMapping: 0.328292 ms MarkObjects: 10.059208 ms  DeleteObjects: 1.978542 ms)

Prepare: number of updated asset objects reloaded= 0
AssetImportParameters requested are different than current active one (requested -> active):
  custom:container-demuxer-ogg: 62fdf1f143b41e24485cea50d1cbac27 -> 
  custom:container-muxer-webm: aa71ff27fc2769a1b78a27578f13a17b -> 
  custom:video-decoder-webm-vp8: 9c59270c3fd7afecdb556c50c9e8de78 -> 
  custom:SearchIndexIgnoredProperties: e643bd26f0fe6173181afceb89e7c659 -> 
  custom:AudioImporter_EditorPlatform: 3918e3fc78b5a79bad01e8451be0beb8 -> 
  custom:audio-decoder-ogg-vorbis: bf7c407c2cedff20999df2af8eb42d56 -> 
  custom:audio-encoder-webm-vorbis: bf7c407c2cedff20999df2af8eb42d56 -> 
  custom:video-decoder-ogg-theora: a1e56fd34408186e4bbccfd4996cb3dc -> 
  custom:CustomObjectIndexerAttribute: 72b91833f83ae208fae7752999fa3104 -> 
  custom:container-demuxer-webm: 4f35f7cbe854078d1ac9338744f61a02 -> 
  custom:framework-osx-AVFoundation: e770b220cccbd017edd2c1fefb359320 -> 
  custom:video-encoder-webm-vp8: eb34c28f22e8b96e1ab97ce403110664 -> 
========================================================================
Received Import Request.
  Time since last request: 685.477857 seconds.
  path: Assets/Spawn Objects/Avocado.prefab
  artifactKey: Guid(b504c3216c0d949a2858d9cf4016aff9) Importer(815301076,1909f56bfc062723c751e8b465ee728b)
Start importing Assets/Spawn Objects/Avocado.prefab using Guid(b504c3216c0d949a2858d9cf4016aff9) Importer(815301076,1909f56bfc062723c751e8b465ee728b)  -> (artifact id: 'dcb2647931d4e94a70825ffda130dd71') in 1.687041 seconds
Number of updated asset objects reloaded before import = 0
Number of asset objects unloaded after import = 43
========================================================================
Received Import Request.
  Time since last request: 0.000191 seconds.
  path: Assets/Spawn Objects/Milk.prefab
  artifactKey: Guid(95aee31dbd865436a8a178d52653f9c6) Importer(815301076,1909f56bfc062723c751e8b465ee728b)
Start importing Assets/Spawn Objects/Milk.prefab using Guid(95aee31dbd865436a8a178d52653f9c6) Importer(815301076,1909f56bfc062723c751e8b465ee728b)  -> (artifact id: 'b2b53d215a99931d7b939adf968a96ea') in 0.033890 seconds
Number of updated asset objects reloaded before import = 0
Number of asset objects unloaded after import = 25
========================================================================
Received Import Request.
  Time since last request: 0.000077 seconds.
  path: Assets/Spawn Objects/Coffee_cup.prefab
  artifactKey: Guid(369c681b3edea4ee3ad21166fb3ac8ac) Importer(815301076,1909f56bfc062723c751e8b465ee728b)
Start importing Assets/Spawn Objects/Coffee_cup.prefab using Guid(369c681b3edea4ee3ad21166fb3ac8ac) Importer(815301076,1909f56bfc062723c751e8b465ee728b)  -> (artifact id: '1f5c18cefb2231e5a749528e49aa37be') in 0.047458 seconds
Number of updated asset objects reloaded before import = 0
Number of asset objects unloaded after import = 25
========================================================================
Received Import Request.
  Time since last request: 0.000100 seconds.
  path: Assets/Spawn Objects/Meat.prefab
  artifactKey: Guid(86739183ed30b4c3dbb1dba1bf16e990) Importer(815301076,1909f56bfc062723c751e8b465ee728b)
Start importing Assets/Spawn Objects/Meat.prefab using Guid(86739183ed30b4c3dbb1dba1bf16e990) Importer(815301076,1909f56bfc062723c751e8b465ee728b)  -> (artifact id: '8ad529ad8c6a810161be156b2973c6fe') in 0.020577 seconds
Number of updated asset objects reloaded before import = 0
Number of asset objects unloaded after import = 25
========================================================================
Received Prepare
Begin MonoManager ReloadAssembly
- Loaded All Assemblies, in  1.675 seconds
Refreshing native plugins compatible for Editor in 3.79 ms, found 3 plugins.
Native extension for iOS target not found
Native extension for OSXStandalone target not found
[Package Manager] Server::EnsureServerProcessIsRunning -- launch failed, reason: Unity was launched with the -noUpm command-line argument
[Package Manager] UpmClient::Send -- Unable to send message (not connected to UPM process).
[Package Manager] Cannot connect to Unity Package Manager local server
[Package Manager] Server::EnsureServerProcessIsRunning -- launch failed, reason: Unity was launched with the -noUpm command-line argument
[Package Manager] UpmClient::Send -- Unable to send message (not connected to UPM process).
[Package Manager] Cannot connect to Unity Package Manager local server
Mono: successfully reloaded assembly
[Package Manager] Server::EnsureServerProcessIsRunning -- launch failed, reason: Unity was launched with the -noUpm command-line argument
[Package Manager] UpmClient::Send -- Unable to send message (not connected to UPM process).
[Package Manager] Cannot connect to Unity Package Manager local server
- Finished resetting the current domain, in  4.700 seconds
Domain Reload Profiling: 6378ms
	BeginReloadAssembly (651ms)
		ExecutionOrderSort (1ms)
		DisableScriptedObjects (81ms)
		BackupInstance (0ms)
		ReleaseScriptingObjects (0ms)
		CreateAndSetChildDomain (186ms)
	RebuildCommonClasses (87ms)
	RebuildNativeTypeToScriptingClass (25ms)
	initialDomainReloadingComplete (114ms)
	LoadAllAssembliesAndSetupDomain (799ms)
		LoadAssemblies (847ms)
		RebuildTransferFunctionScriptingTraits (0ms)
		AnalyzeDomain (229ms)
			TypeCache.Refresh (58ms)
				TypeCache.ScanAssembly (5ms)
			ScanForSourceGeneratedMonoScriptInfo (94ms)
			ResolveRequiredComponents (76ms)
	FinalizeReload (4702ms)
		ReleaseScriptCaches (0ms)
		RebuildScriptCaches (0ms)
		SetupLoadedEditorAssemblies (2959ms)
			LogAssemblyErrors (0ms)
			InitializePlatformSupportModulesInManaged (110ms)
			SetLoadedEditorAssemblies (13ms)
			RefreshPlugins (0ms)
			BeforeProcessingInitializeOnLoad (249ms)
			ProcessInitializeOnLoadAttributes (2038ms)
			ProcessInitializeOnLoadMethodAttributes (541ms)
			AfterProcessingInitializeOnLoad (2ms)
			EditorAssembliesLoaded (6ms)
		ExecutionOrderSort2 (3ms)
		AwakeInstancesAfterBackupRestoration (82ms)
Refreshing native plugins compatible for Editor in 5.36 ms, found 3 plugins.
Preloading 0 native plugins for Editor in 0.00 ms.
Unloading 6565 Unused Serialized files (Serialized files now loaded: 0)
Unloading 56 unused Assets / (2.2 MB). Loaded Objects now: 7341.
Memory consumption went from 261.9 MB to 259.7 MB.
Total: 10.610792 ms (FindLiveObjects: 0.593750 ms CreateObjectMapping: 0.316791 ms MarkObjects: 7.919958 ms  DeleteObjects: 1.779125 ms)

Prepare: number of updated asset objects reloaded= 0
AssetImportParameters requested are different than current active one (requested -> active):
  custom:container-demuxer-ogg: 62fdf1f143b41e24485cea50d1cbac27 -> 
  custom:container-muxer-webm: aa71ff27fc2769a1b78a27578f13a17b -> 
  custom:video-decoder-webm-vp8: 9c59270c3fd7afecdb556c50c9e8de78 -> 
  custom:SearchIndexIgnoredProperties: e643bd26f0fe6173181afceb89e7c659 -> 
  custom:AudioImporter_EditorPlatform: 3918e3fc78b5a79bad01e8451be0beb8 -> 
  custom:audio-decoder-ogg-vorbis: bf7c407c2cedff20999df2af8eb42d56 -> 
  custom:audio-encoder-webm-vorbis: bf7c407c2cedff20999df2af8eb42d56 -> 
  custom:video-decoder-ogg-theora: a1e56fd34408186e4bbccfd4996cb3dc -> 
  custom:CustomObjectIndexerAttribute: 72b91833f83ae208fae7752999fa3104 -> 
  custom:container-demuxer-webm: 4f35f7cbe854078d1ac9338744f61a02 -> 
  custom:framework-osx-AVFoundation: e770b220cccbd017edd2c1fefb359320 -> 
  custom:video-encoder-webm-vp8: eb34c28f22e8b96e1ab97ce403110664 -> 
========================================================================
Received Import Request.
  Time since last request: 29.312026 seconds.
  path: Assets/Spawn Objects/Milk.prefab
  artifactKey: Guid(95aee31dbd865436a8a178d52653f9c6) Importer(815301076,1909f56bfc062723c751e8b465ee728b)
Start importing Assets/Spawn Objects/Milk.prefab using Guid(95aee31dbd865436a8a178d52653f9c6) Importer(815301076,1909f56bfc062723c751e8b465ee728b)  -> (artifact id: '058cdce23613ecb29ea8e40de9f65bfe') in 1.471488 seconds
Number of updated asset objects reloaded before import = 0
Number of asset objects unloaded after import = 43
========================================================================
Received Import Request.
  Time since last request: 0.000118 seconds.
  path: Assets/Spawn Objects/Coffee_cup.prefab
  artifactKey: Guid(369c681b3edea4ee3ad21166fb3ac8ac) Importer(815301076,1909f56bfc062723c751e8b465ee728b)
Start importing Assets/Spawn Objects/Coffee_cup.prefab using Guid(369c681b3edea4ee3ad21166fb3ac8ac) Importer(815301076,1909f56bfc062723c751e8b465ee728b)  -> (artifact id: '7e88c05dcf5a7e94b5c7ad1503e96db5') in 0.055294 seconds
Number of updated asset objects reloaded before import = 0
Number of asset objects unloaded after import = 25
========================================================================
Received Import Request.
  Time since last request: 0.000367 seconds.
  path: Assets/Spawn Objects/Avocado.prefab
  artifactKey: Guid(b504c3216c0d949a2858d9cf4016aff9) Importer(815301076,1909f56bfc062723c751e8b465ee728b)
Start importing Assets/Spawn Objects/Avocado.prefab using Guid(b504c3216c0d949a2858d9cf4016aff9) Importer(815301076,1909f56bfc062723c751e8b465ee728b)  -> (artifact id: '0306797e708dd6aebd310c6b81bf335e') in 0.024206 seconds
Number of updated asset objects reloaded before import = 0
Number of asset objects unloaded after import = 25
========================================================================
Received Import Request.
  Time since last request: 0.000063 seconds.
  path: Assets/Spawn Objects/Can_Black.prefab
  artifactKey: Guid(39219a10507294d84b0059cb177de017) Importer(815301076,1909f56bfc062723c751e8b465ee728b)
Start importing Assets/Spawn Objects/Can_Black.prefab using Guid(39219a10507294d84b0059cb177de017) Importer(815301076,1909f56bfc062723c751e8b465ee728b)  -> (artifact id: 'a02b19e3995fa356fbf93f7c352b06aa') in 0.017641 seconds
Number of updated asset objects reloaded before import = 0
Number of asset objects unloaded after import = 17
