Unity Editor version:    2022.3.23f1 (dbb3f7c5b5c6)
Branch:                  2022.3/staging
Build type:              Release
Batch mode:              YES
macOS version:           Version 14.4.1 (Build 23E224)
Darwin version:          23.4.0
Architecture:            x86_64
Running under Rosetta:   YES
Available memory:        8192 MB
Using pre-set license
Pro License: YES

COMMAND LINE ARGUMENTS:
/Applications/Unity/Hub/Editor/2022.3.23f1-x86_64/Unity.app/Contents/MacOS/Unity
-adb2
-batchMode
-noUpm
-name
AssetImportWorker1
-projectPath
/Users/justinlu/Downloads/newass2 copy 2
-logFile
Logs/AssetImportWorker1.log
-srvPort
54301
Successfully changed project path to: /Users/justinlu/Downloads/newass2 copy 2
/Users/justinlu/Downloads/newass2 copy 2
[UnityMemory] Configuration Parameters - Can be set up in boot.config
    "memorysetup-bucket-allocator-granularity=16"
    "memorysetup-bucket-allocator-bucket-count=8"
    "memorysetup-bucket-allocator-block-size=33554432"
    "memorysetup-bucket-allocator-block-count=8"
    "memorysetup-main-allocator-block-size=16777216"
    "memorysetup-thread-allocator-block-size=16777216"
    "memorysetup-gfx-main-allocator-block-size=16777216"
    "memorysetup-gfx-thread-allocator-block-size=16777216"
    "memorysetup-cache-allocator-block-size=4194304"
    "memorysetup-typetree-allocator-block-size=2097152"
    "memorysetup-profiler-bucket-allocator-granularity=16"
    "memorysetup-profiler-bucket-allocator-bucket-count=8"
    "memorysetup-profiler-bucket-allocator-block-size=33554432"
    "memorysetup-profiler-bucket-allocator-block-count=8"
    "memorysetup-profiler-allocator-block-size=16777216"
    "memorysetup-profiler-editor-allocator-block-size=1048576"
    "memorysetup-temp-allocator-size-main=16777216"
    "memorysetup-job-temp-allocator-block-size=2097152"
    "memorysetup-job-temp-allocator-block-size-background=1048576"
    "memorysetup-job-temp-allocator-reduction-small-platforms=262144"
    "memorysetup-allocator-temp-initial-block-size-main=262144"
    "memorysetup-allocator-temp-initial-block-size-worker=262144"
    "memorysetup-temp-allocator-size-background-worker=32768"
    "memorysetup-temp-allocator-size-job-worker=262144"
    "memorysetup-temp-allocator-size-preload-manager=33554432"
    "memorysetup-temp-allocator-size-nav-mesh-worker=65536"
    "memorysetup-temp-allocator-size-audio-worker=65536"
    "memorysetup-temp-allocator-size-cloud-worker=32768"
    "memorysetup-temp-allocator-size-gi-baking-worker=262144"
    "memorysetup-temp-allocator-size-gfx=262144"
Player connection [8707932736] Host "[IP] 10.173.166.178 [Port] 0 [Flags] 2 [Guid] 768305208 [EditorId] 768305208 [Version] 1048832 [Id] OSXEditor(0,Justins-MacBook-Air.local) [Debug] 1 [PackageName] OSXEditor [ProjectName] Editor" joined multi-casting on [225.0.0.222:54997]...

Player connection [8707932736] Host "[IP] 10.173.166.178 [Port] 0 [Flags] 2 [Guid] 768305208 [EditorId] 768305208 [Version] 1048832 [Id] OSXEditor(0,Justins-MacBook-Air.local) [Debug] 1 [PackageName] OSXEditor [ProjectName] Editor" joined alternative multi-casting on [225.0.0.222:34997]...

[Physics::Module] Initialized MultithreadedJobDispatcher with 7 workers.
Refreshing native plugins compatible for Editor in 21.84 ms, found 3 plugins.
Preloading 0 native plugins for Editor in 0.00 ms.
Initialize engine version: 2022.3.23f1 (dbb3f7c5b5c6)
[Subsystems] Discovering subsystems at path /Applications/Unity/Hub/Editor/2022.3.23f1-x86_64/Unity.app/Contents/Resources/UnitySubsystems
[Subsystems] Discovering subsystems at path /Users/justinlu/Downloads/newass2 copy 2/Assets
GfxDevice: creating device client; threaded=0; jobified=0
 preferred device: Apple M1 (high power)
Metal devices available: 1
0: Apple M1 (high power)
Using device Apple M1 (high power)
Initializing Metal device caps: Apple M1
Initialize mono
Mono path[0] = '/Applications/Unity/Hub/Editor/2022.3.23f1-x86_64/Unity.app/Contents/Managed'
Mono path[1] = '/Applications/Unity/Hub/Editor/2022.3.23f1-x86_64/Unity.app/Contents/MonoBleedingEdge/lib/mono/unityjit-macos'
Mono config path = '/Applications/Unity/Hub/Editor/2022.3.23f1-x86_64/Unity.app/Contents/MonoBleedingEdge/etc'
Using monoOptions --debugger-agent=transport=dt_socket,embedding=1,server=y,suspend=n,address=127.0.0.1:56148
Begin MonoManager ReloadAssembly
Registering precompiled unity dll's ...
Register platform support module: /Applications/Unity/Hub/Editor/2022.3.23f1-x86_64/Unity.app/Contents/PlaybackEngines/MacStandaloneSupport/UnityEditor.OSXStandalone.Extensions.dll
Register platform support module: /Applications/Unity/Hub/Editor/2022.3.23f1-x86_64/PlaybackEngines/iOSSupport/UnityEditor.iOS.Extensions.dll
Registered in 0.003309 seconds.
- Loaded All Assemblies, in  1.430 seconds
[usbmuxd] Start listen thread
[usbmuxd] Listen thread started
[usbmuxd] Send listen message
Native extension for iOS target not found
Native extension for OSXStandalone target not found
Mono: successfully reloaded assembly
- Finished resetting the current domain, in  1.938 seconds
Domain Reload Profiling: 3371ms
	BeginReloadAssembly (545ms)
		ExecutionOrderSort (0ms)
		DisableScriptedObjects (0ms)
		BackupInstance (0ms)
		ReleaseScriptingObjects (0ms)
		CreateAndSetChildDomain (7ms)
	RebuildCommonClasses (145ms)
	RebuildNativeTypeToScriptingClass (37ms)
	initialDomainReloadingComplete (352ms)
	LoadAllAssembliesAndSetupDomain (350ms)
		LoadAssemblies (538ms)
		RebuildTransferFunctionScriptingTraits (0ms)
		AnalyzeDomain (342ms)
			TypeCache.Refresh (338ms)
				TypeCache.ScanAssembly (299ms)
			ScanForSourceGeneratedMonoScriptInfo (1ms)
			ResolveRequiredComponents (3ms)
	FinalizeReload (1941ms)
		ReleaseScriptCaches (0ms)
		RebuildScriptCaches (0ms)
		SetupLoadedEditorAssemblies (1665ms)
			LogAssemblyErrors (0ms)
			InitializePlatformSupportModulesInManaged (291ms)
			SetLoadedEditorAssemblies (24ms)
			RefreshPlugins (0ms)
			BeforeProcessingInitializeOnLoad (14ms)
			ProcessInitializeOnLoadAttributes (985ms)
			ProcessInitializeOnLoadMethodAttributes (350ms)
			AfterProcessingInitializeOnLoad (0ms)
			EditorAssembliesLoaded (1ms)
		ExecutionOrderSort2 (0ms)
		AwakeInstancesAfterBackupRestoration (0ms)
========================================================================
Worker process is ready to serve import requests
Begin MonoManager ReloadAssembly
- Loaded All Assemblies, in  2.163 seconds
Refreshing native plugins compatible for Editor in 3.84 ms, found 3 plugins.
Native extension for iOS target not found
Native extension for OSXStandalone target not found
Package Manager log level set to [2]
[Package Manager] Server::EnsureServerProcessIsRunning -- launch failed, reason: Unity was launched with the -noUpm command-line argument
[Package Manager] UpmClient::Send -- Unable to send message (not connected to UPM process).
[Package Manager] Cannot connect to Unity Package Manager local server
[Package Manager] Server::EnsureServerProcessIsRunning -- launch failed, reason: Unity was launched with the -noUpm command-line argument
[Package Manager] UpmClient::Send -- Unable to send message (not connected to UPM process).
[Package Manager] Cannot connect to Unity Package Manager local server
Mono: successfully reloaded assembly
[Package Manager] Server::EnsureServerProcessIsRunning -- launch failed, reason: Unity was launched with the -noUpm command-line argument
[Package Manager] UpmClient::Send -- Unable to send message (not connected to UPM process).
[Package Manager] Cannot connect to Unity Package Manager local server
[Package Manager] Server::EnsureServerProcessIsRunning -- launch failed, reason: Unity was launched with the -noUpm command-line argument
[Package Manager] UpmClient::Send -- Unable to send message (not connected to UPM process).
[Package Manager] Cannot connect to Unity Package Manager local server
- Finished resetting the current domain, in  3.470 seconds
Domain Reload Profiling: 5684ms
	BeginReloadAssembly (700ms)
		ExecutionOrderSort (0ms)
		DisableScriptedObjects (68ms)
		BackupInstance (0ms)
		ReleaseScriptingObjects (1ms)
		CreateAndSetChildDomain (98ms)
	RebuildCommonClasses (77ms)
	RebuildNativeTypeToScriptingClass (21ms)
	initialDomainReloadingComplete (210ms)
	LoadAllAssembliesAndSetupDomain (1201ms)
		LoadAssemblies (844ms)
		RebuildTransferFunctionScriptingTraits (0ms)
		AnalyzeDomain (601ms)
			TypeCache.Refresh (442ms)
				TypeCache.ScanAssembly (391ms)
			ScanForSourceGeneratedMonoScriptInfo (93ms)
			ResolveRequiredComponents (65ms)
	FinalizeReload (3475ms)
		ReleaseScriptCaches (0ms)
		RebuildScriptCaches (0ms)
		SetupLoadedEditorAssemblies (2831ms)
			LogAssemblyErrors (0ms)
			InitializePlatformSupportModulesInManaged (110ms)
			SetLoadedEditorAssemblies (12ms)
			RefreshPlugins (0ms)
			BeforeProcessingInitializeOnLoad (223ms)
			ProcessInitializeOnLoadAttributes (1963ms)
			ProcessInitializeOnLoadMethodAttributes (519ms)
			AfterProcessingInitializeOnLoad (2ms)
			EditorAssembliesLoaded (2ms)
		ExecutionOrderSort2 (0ms)
		AwakeInstancesAfterBackupRestoration (23ms)
Launching external process: /Applications/Unity/Hub/Editor/2022.3.23f1-x86_64/Unity.app/Contents/Tools/UnityShaderCompiler
Launched and connected shader compiler UnityShaderCompiler after 0.53 seconds
Refreshing native plugins compatible for Editor in 3.33 ms, found 3 plugins.
Preloading 0 native plugins for Editor in 0.00 ms.
Unloading 6744 Unused Serialized files (Serialized files now loaded: 0)
Unloading 93 unused Assets / (2.1 MB). Loaded Objects now: 7200.
Memory consumption went from 260.9 MB to 258.8 MB.
Total: 40.710959 ms (FindLiveObjects: 0.712208 ms CreateObjectMapping: 0.345958 ms MarkObjects: 34.102208 ms  DeleteObjects: 5.548958 ms)

AssetImportParameters requested are different than current active one (requested -> active):
  custom:container-demuxer-ogg: 62fdf1f143b41e24485cea50d1cbac27 -> 
  custom:container-muxer-webm: aa71ff27fc2769a1b78a27578f13a17b -> 
  custom:video-decoder-webm-vp8: 9c59270c3fd7afecdb556c50c9e8de78 -> 
  custom:SearchIndexIgnoredProperties: e643bd26f0fe6173181afceb89e7c659 -> 
  custom:AudioImporter_EditorPlatform: 3918e3fc78b5a79bad01e8451be0beb8 -> 
  custom:audio-decoder-ogg-vorbis: bf7c407c2cedff20999df2af8eb42d56 -> 
  custom:audio-encoder-webm-vorbis: bf7c407c2cedff20999df2af8eb42d56 -> 
  custom:video-decoder-ogg-theora: a1e56fd34408186e4bbccfd4996cb3dc -> 
  custom:CustomObjectIndexerAttribute: 72b91833f83ae208fae7752999fa3104 -> 
  custom:container-demuxer-webm: 4f35f7cbe854078d1ac9338744f61a02 -> 
  custom:framework-osx-AVFoundation: e770b220cccbd017edd2c1fefb359320 -> 
  custom:video-encoder-webm-vp8: eb34c28f22e8b96e1ab97ce403110664 -> 
========================================================================
Received Prepare
Begin MonoManager ReloadAssembly
- Loaded All Assemblies, in  1.339 seconds
Refreshing native plugins compatible for Editor in 3.19 ms, found 3 plugins.
Native extension for iOS target not found
Native extension for OSXStandalone target not found
[Package Manager] Server::EnsureServerProcessIsRunning -- launch failed, reason: Unity was launched with the -noUpm command-line argument
[Package Manager] UpmClient::Send -- Unable to send message (not connected to UPM process).
[Package Manager] Cannot connect to Unity Package Manager local server
[Package Manager] Server::EnsureServerProcessIsRunning -- launch failed, reason: Unity was launched with the -noUpm command-line argument
[Package Manager] UpmClient::Send -- Unable to send message (not connected to UPM process).
[Package Manager] Cannot connect to Unity Package Manager local server
Mono: successfully reloaded assembly
[Package Manager] Server::EnsureServerProcessIsRunning -- launch failed, reason: Unity was launched with the -noUpm command-line argument
[Package Manager] UpmClient::Send -- Unable to send message (not connected to UPM process).
[Package Manager] Cannot connect to Unity Package Manager local server
- Finished resetting the current domain, in  4.264 seconds
Domain Reload Profiling: 5605ms
	BeginReloadAssembly (573ms)
		ExecutionOrderSort (0ms)
		DisableScriptedObjects (51ms)
		BackupInstance (0ms)
		ReleaseScriptingObjects (0ms)
		CreateAndSetChildDomain (137ms)
	RebuildCommonClasses (73ms)
	RebuildNativeTypeToScriptingClass (21ms)
	initialDomainReloadingComplete (109ms)
	LoadAllAssembliesAndSetupDomain (563ms)
		LoadAssemblies (758ms)
		RebuildTransferFunctionScriptingTraits (0ms)
		AnalyzeDomain (81ms)
			TypeCache.Refresh (18ms)
				TypeCache.ScanAssembly (0ms)
			ScanForSourceGeneratedMonoScriptInfo (0ms)
			ResolveRequiredComponents (61ms)
	FinalizeReload (4266ms)
		ReleaseScriptCaches (0ms)
		RebuildScriptCaches (0ms)
		SetupLoadedEditorAssemblies (2829ms)
			LogAssemblyErrors (0ms)
			InitializePlatformSupportModulesInManaged (105ms)
			SetLoadedEditorAssemblies (12ms)
			RefreshPlugins (0ms)
			BeforeProcessingInitializeOnLoad (222ms)
			ProcessInitializeOnLoadAttributes (1991ms)
			ProcessInitializeOnLoadMethodAttributes (496ms)
			AfterProcessingInitializeOnLoad (2ms)
			EditorAssembliesLoaded (1ms)
		ExecutionOrderSort2 (0ms)
		AwakeInstancesAfterBackupRestoration (63ms)
Refreshing native plugins compatible for Editor in 3.80 ms, found 3 plugins.
Preloading 0 native plugins for Editor in 0.00 ms.
Unloading 6565 Unused Serialized files (Serialized files now loaded: 0)
Unloading 55 unused Assets / (2.1 MB). Loaded Objects now: 7205.
Memory consumption went from 235.1 MB to 233.0 MB.
Total: 17.710750 ms (FindLiveObjects: 3.332125 ms CreateObjectMapping: 0.660625 ms MarkObjects: 11.715166 ms  DeleteObjects: 2.001334 ms)

Prepare: number of updated asset objects reloaded= 0
AssetImportParameters requested are different than current active one (requested -> active):
  custom:container-demuxer-ogg: 62fdf1f143b41e24485cea50d1cbac27 -> 
  custom:container-muxer-webm: aa71ff27fc2769a1b78a27578f13a17b -> 
  custom:video-decoder-webm-vp8: 9c59270c3fd7afecdb556c50c9e8de78 -> 
  custom:SearchIndexIgnoredProperties: e643bd26f0fe6173181afceb89e7c659 -> 
  custom:AudioImporter_EditorPlatform: 3918e3fc78b5a79bad01e8451be0beb8 -> 
  custom:audio-decoder-ogg-vorbis: bf7c407c2cedff20999df2af8eb42d56 -> 
  custom:audio-encoder-webm-vorbis: bf7c407c2cedff20999df2af8eb42d56 -> 
  custom:video-decoder-ogg-theora: a1e56fd34408186e4bbccfd4996cb3dc -> 
  custom:CustomObjectIndexerAttribute: 72b91833f83ae208fae7752999fa3104 -> 
  custom:container-demuxer-webm: 4f35f7cbe854078d1ac9338744f61a02 -> 
  custom:framework-osx-AVFoundation: e770b220cccbd017edd2c1fefb359320 -> 
  custom:video-encoder-webm-vp8: eb34c28f22e8b96e1ab97ce403110664 -> 
========================================================================
Received Import Request.
  Time since last request: 45366.850796 seconds.
  path: Assets/Spawn Objects/Milk.prefab
  artifactKey: Guid(95aee31dbd865436a8a178d52653f9c6) Importer(815301076,1909f56bfc062723c751e8b465ee728b)
Start importing Assets/Spawn Objects/Milk.prefab using Guid(95aee31dbd865436a8a178d52653f9c6) Importer(815301076,1909f56bfc062723c751e8b465ee728b)  -> (artifact id: '85dc4fb89b9a284e0a8b6d458955266e') in 1.550901 seconds
Number of updated asset objects reloaded before import = 0
Number of asset objects unloaded after import = 43
========================================================================
Received Import Request.
  Time since last request: 0.000404 seconds.
  path: Assets/Spawn Objects/Coffee_cup.prefab
  artifactKey: Guid(369c681b3edea4ee3ad21166fb3ac8ac) Importer(815301076,1909f56bfc062723c751e8b465ee728b)
Start importing Assets/Spawn Objects/Coffee_cup.prefab using Guid(369c681b3edea4ee3ad21166fb3ac8ac) Importer(815301076,1909f56bfc062723c751e8b465ee728b)  -> (artifact id: 'c5873057d7bfcbad0d84e2a769b7478d') in 0.055324 seconds
Number of updated asset objects reloaded before import = 0
Number of asset objects unloaded after import = 25
========================================================================
Received Import Request.
  Time since last request: 0.000323 seconds.
  path: Assets/Spawn Objects/Avocado.prefab
  artifactKey: Guid(b504c3216c0d949a2858d9cf4016aff9) Importer(815301076,1909f56bfc062723c751e8b465ee728b)
Start importing Assets/Spawn Objects/Avocado.prefab using Guid(b504c3216c0d949a2858d9cf4016aff9) Importer(815301076,1909f56bfc062723c751e8b465ee728b)  -> (artifact id: '1d17426f87f88cf35d0d0208d46d3d5e') in 0.000775 seconds
Number of updated asset objects reloaded before import = 0
Number of asset objects unloaded after import = 0
========================================================================
Received Import Request.
  Time since last request: 0.000252 seconds.
  path: Assets/Spawn Objects/Can_Black.prefab
  artifactKey: Guid(39219a10507294d84b0059cb177de017) Importer(815301076,1909f56bfc062723c751e8b465ee728b)
Start importing Assets/Spawn Objects/Can_Black.prefab using Guid(39219a10507294d84b0059cb177de017) Importer(815301076,1909f56bfc062723c751e8b465ee728b)  -> (artifact id: '0a79499942b6370ba80bce3dafa5ea85') in 0.000632 seconds
Number of updated asset objects reloaded before import = 0
Number of asset objects unloaded after import = 0
========================================================================
Received Import Request.
  Time since last request: 0.000252 seconds.
  path: Assets/Spawn Objects/Meat.prefab
  artifactKey: Guid(86739183ed30b4c3dbb1dba1bf16e990) Importer(815301076,1909f56bfc062723c751e8b465ee728b)
Start importing Assets/Spawn Objects/Meat.prefab using Guid(86739183ed30b4c3dbb1dba1bf16e990) Importer(815301076,1909f56bfc062723c751e8b465ee728b)  -> (artifact id: 'd5f5bb8d62d81546012f5efe38e57f84') in 0.022545 seconds
Number of updated asset objects reloaded before import = 0
Number of asset objects unloaded after import = 25
========================================================================
Received Import Request.
  Time since last request: 7.789533 seconds.
  path: Assets/Spawn Objects/Can_Black.prefab
  artifactKey: Guid(39219a10507294d84b0059cb177de017) Importer(815301076,1909f56bfc062723c751e8b465ee728b)
Start importing Assets/Spawn Objects/Can_Black.prefab using Guid(39219a10507294d84b0059cb177de017) Importer(815301076,1909f56bfc062723c751e8b465ee728b)  -> (artifact id: '0a79499942b6370ba80bce3dafa5ea85') in 0.001694 seconds
Number of updated asset objects reloaded before import = 0
Number of asset objects unloaded after import = 0
========================================================================
Received Import Request.
  Time since last request: 152.464329 seconds.
  path: Assets/Spawn Objects/Can_Black.prefab
  artifactKey: Guid(39219a10507294d84b0059cb177de017) Importer(815301076,1909f56bfc062723c751e8b465ee728b)
Start importing Assets/Spawn Objects/Can_Black.prefab using Guid(39219a10507294d84b0059cb177de017) Importer(815301076,1909f56bfc062723c751e8b465ee728b)  -> (artifact id: '0a79499942b6370ba80bce3dafa5ea85') in 0.002495 seconds
Number of updated asset objects reloaded before import = 0
Number of asset objects unloaded after import = 0
========================================================================
Received Import Request.
  Time since last request: 0.000233 seconds.
  path: Assets/Spawn Objects/pottedPlant.prefab
  artifactKey: Guid(0f8d53981e0464aabadbe1415f2ca0bd) Importer(815301076,1909f56bfc062723c751e8b465ee728b)
Start importing Assets/Spawn Objects/pottedPlant.prefab using Guid(0f8d53981e0464aabadbe1415f2ca0bd) Importer(815301076,1909f56bfc062723c751e8b465ee728b)  -> (artifact id: '125093c06fa20caa441b956aefa0d2ff') in 0.084797 seconds
Number of updated asset objects reloaded before import = 0
Number of asset objects unloaded after import = 15
========================================================================
Received Import Request.
  Time since last request: 220.561411 seconds.
  path: Assets/Spawn Objects/Can_Black.prefab
  artifactKey: Guid(39219a10507294d84b0059cb177de017) Importer(815301076,1909f56bfc062723c751e8b465ee728b)
Start importing Assets/Spawn Objects/Can_Black.prefab using Guid(39219a10507294d84b0059cb177de017) Importer(815301076,1909f56bfc062723c751e8b465ee728b)  -> (artifact id: '0a79499942b6370ba80bce3dafa5ea85') in 0.010907 seconds
Number of updated asset objects reloaded before import = 0
Number of asset objects unloaded after import = 0
========================================================================
Received Import Request.
  Time since last request: 73.467501 seconds.
  path: Assets/Spawn Objects/Bottle1.prefab
  artifactKey: Guid(e1b446070dd325d4b91368103e801e98) Importer(815301076,1909f56bfc062723c751e8b465ee728b)
Start importing Assets/Spawn Objects/Bottle1.prefab using Guid(e1b446070dd325d4b91368103e801e98) Importer(815301076,1909f56bfc062723c751e8b465ee728b)  -> (artifact id: '806aa6b7554be305c135b92087217821') in 0.150614 seconds
Number of updated asset objects reloaded before import = 0
Number of asset objects unloaded after import = 21
========================================================================
Received Import Request.
  Time since last request: 0.000182 seconds.
  path: Assets/Spawn Objects/Coffee_cup.prefab
  artifactKey: Guid(369c681b3edea4ee3ad21166fb3ac8ac) Importer(815301076,1909f56bfc062723c751e8b465ee728b)
Start importing Assets/Spawn Objects/Coffee_cup.prefab using Guid(369c681b3edea4ee3ad21166fb3ac8ac) Importer(815301076,1909f56bfc062723c751e8b465ee728b)  -> (artifact id: '46a2a0e5656f3dc18fb0170d927b8a3c') in 0.023692 seconds
Number of updated asset objects reloaded before import = 0
Number of asset objects unloaded after import = 25
========================================================================
Received Import Request.
  Time since last request: 0.000051 seconds.
  path: Assets/Spawn Objects/Pot.prefab
  artifactKey: Guid(ef2655fcf152846299942d6c8e43a1cd) Importer(815301076,1909f56bfc062723c751e8b465ee728b)
Start importing Assets/Spawn Objects/Pot.prefab using Guid(ef2655fcf152846299942d6c8e43a1cd) Importer(815301076,1909f56bfc062723c751e8b465ee728b)  -> (artifact id: 'fe60e2ca1da26cba0e103ba87710bbfa') in 0.043241 seconds
Number of updated asset objects reloaded before import = 0
Number of asset objects unloaded after import = 30
========================================================================
Received Prepare
Begin MonoManager ReloadAssembly
- Loaded All Assemblies, in  1.589 seconds
Refreshing native plugins compatible for Editor in 3.25 ms, found 3 plugins.
Native extension for iOS target not found
Native extension for OSXStandalone target not found
[Package Manager] Server::EnsureServerProcessIsRunning -- launch failed, reason: Unity was launched with the -noUpm command-line argument
[Package Manager] UpmClient::Send -- Unable to send message (not connected to UPM process).
[Package Manager] Cannot connect to Unity Package Manager local server
[Package Manager] Server::EnsureServerProcessIsRunning -- launch failed, reason: Unity was launched with the -noUpm command-line argument
[Package Manager] UpmClient::Send -- Unable to send message (not connected to UPM process).
[Package Manager] Cannot connect to Unity Package Manager local server
Mono: successfully reloaded assembly
[Package Manager] Server::EnsureServerProcessIsRunning -- launch failed, reason: Unity was launched with the -noUpm command-line argument
[Package Manager] UpmClient::Send -- Unable to send message (not connected to UPM process).
[Package Manager] Cannot connect to Unity Package Manager local server
- Finished resetting the current domain, in  4.761 seconds
Domain Reload Profiling: 6352ms
	BeginReloadAssembly (622ms)
		ExecutionOrderSort (0ms)
		DisableScriptedObjects (78ms)
		BackupInstance (0ms)
		ReleaseScriptingObjects (0ms)
		CreateAndSetChildDomain (183ms)
	RebuildCommonClasses (79ms)
	RebuildNativeTypeToScriptingClass (20ms)
	initialDomainReloadingComplete (115ms)
	LoadAllAssembliesAndSetupDomain (754ms)
		LoadAssemblies (845ms)
		RebuildTransferFunctionScriptingTraits (0ms)
		AnalyzeDomain (171ms)
			TypeCache.Refresh (29ms)
				TypeCache.ScanAssembly (2ms)
			ScanForSourceGeneratedMonoScriptInfo (83ms)
			ResolveRequiredComponents (58ms)
	FinalizeReload (4763ms)
		ReleaseScriptCaches (0ms)
		RebuildScriptCaches (0ms)
		SetupLoadedEditorAssemblies (3092ms)
			LogAssemblyErrors (0ms)
			InitializePlatformSupportModulesInManaged (117ms)
			SetLoadedEditorAssemblies (13ms)
			RefreshPlugins (0ms)
			BeforeProcessingInitializeOnLoad (251ms)
			ProcessInitializeOnLoadAttributes (2121ms)
			ProcessInitializeOnLoadMethodAttributes (585ms)
			AfterProcessingInitializeOnLoad (2ms)
			EditorAssembliesLoaded (2ms)
		ExecutionOrderSort2 (0ms)
		AwakeInstancesAfterBackupRestoration (83ms)
Refreshing native plugins compatible for Editor in 3.92 ms, found 3 plugins.
Preloading 0 native plugins for Editor in 0.00 ms.
Unloading 6565 Unused Serialized files (Serialized files now loaded: 0)
Unloading 55 unused Assets / (2.0 MB). Loaded Objects now: 7257.
Memory consumption went from 245.5 MB to 243.5 MB.
Total: 9.923083 ms (FindLiveObjects: 0.550542 ms CreateObjectMapping: 0.362750 ms MarkObjects: 7.454375 ms  DeleteObjects: 1.554000 ms)

Prepare: number of updated asset objects reloaded= 0
AssetImportParameters requested are different than current active one (requested -> active):
  custom:container-demuxer-ogg: 62fdf1f143b41e24485cea50d1cbac27 -> 
  custom:container-muxer-webm: aa71ff27fc2769a1b78a27578f13a17b -> 
  custom:video-decoder-webm-vp8: 9c59270c3fd7afecdb556c50c9e8de78 -> 
  custom:SearchIndexIgnoredProperties: e643bd26f0fe6173181afceb89e7c659 -> 
  custom:AudioImporter_EditorPlatform: 3918e3fc78b5a79bad01e8451be0beb8 -> 
  custom:audio-decoder-ogg-vorbis: bf7c407c2cedff20999df2af8eb42d56 -> 
  custom:audio-encoder-webm-vorbis: bf7c407c2cedff20999df2af8eb42d56 -> 
  custom:video-decoder-ogg-theora: a1e56fd34408186e4bbccfd4996cb3dc -> 
  custom:CustomObjectIndexerAttribute: 72b91833f83ae208fae7752999fa3104 -> 
  custom:container-demuxer-webm: 4f35f7cbe854078d1ac9338744f61a02 -> 
  custom:framework-osx-AVFoundation: e770b220cccbd017edd2c1fefb359320 -> 
  custom:video-encoder-webm-vp8: eb34c28f22e8b96e1ab97ce403110664 -> 
========================================================================
Received Import Request.
  Time since last request: 27.210868 seconds.
  path: Assets/Spawn Objects/Avocado.prefab
  artifactKey: Guid(b504c3216c0d949a2858d9cf4016aff9) Importer(815301076,1909f56bfc062723c751e8b465ee728b)
Start importing Assets/Spawn Objects/Avocado.prefab using Guid(b504c3216c0d949a2858d9cf4016aff9) Importer(815301076,1909f56bfc062723c751e8b465ee728b)  -> (artifact id: 'cace99246e53036540e47e3bcb03593f') in 1.606484 seconds
Number of updated asset objects reloaded before import = 0
Number of asset objects unloaded after import = 43
========================================================================
Received Prepare
Begin MonoManager ReloadAssembly
- Loaded All Assemblies, in  1.410 seconds
Refreshing native plugins compatible for Editor in 3.22 ms, found 3 plugins.
Native extension for iOS target not found
Native extension for OSXStandalone target not found
[Package Manager] Server::EnsureServerProcessIsRunning -- launch failed, reason: Unity was launched with the -noUpm command-line argument
[Package Manager] UpmClient::Send -- Unable to send message (not connected to UPM process).
[Package Manager] Cannot connect to Unity Package Manager local server
[Package Manager] Server::EnsureServerProcessIsRunning -- launch failed, reason: Unity was launched with the -noUpm command-line argument
[Package Manager] UpmClient::Send -- Unable to send message (not connected to UPM process).
[Package Manager] Cannot connect to Unity Package Manager local server
Mono: successfully reloaded assembly
[Package Manager] Server::EnsureServerProcessIsRunning -- launch failed, reason: Unity was launched with the -noUpm command-line argument
[Package Manager] UpmClient::Send -- Unable to send message (not connected to UPM process).
[Package Manager] Cannot connect to Unity Package Manager local server
- Finished resetting the current domain, in  4.269 seconds
Domain Reload Profiling: 5683ms
	BeginReloadAssembly (571ms)
		ExecutionOrderSort (0ms)
		DisableScriptedObjects (81ms)
		BackupInstance (0ms)
		ReleaseScriptingObjects (0ms)
		CreateAndSetChildDomain (146ms)
	RebuildCommonClasses (68ms)
	RebuildNativeTypeToScriptingClass (19ms)
	initialDomainReloadingComplete (102ms)
	LoadAllAssembliesAndSetupDomain (651ms)
		LoadAssemblies (823ms)
		RebuildTransferFunctionScriptingTraits (0ms)
		AnalyzeDomain (80ms)
			TypeCache.Refresh (16ms)
				TypeCache.ScanAssembly (0ms)
			ScanForSourceGeneratedMonoScriptInfo (0ms)
			ResolveRequiredComponents (63ms)
	FinalizeReload (4271ms)
		ReleaseScriptCaches (0ms)
		RebuildScriptCaches (0ms)
		SetupLoadedEditorAssemblies (2752ms)
			LogAssemblyErrors (0ms)
			InitializePlatformSupportModulesInManaged (107ms)
			SetLoadedEditorAssemblies (11ms)
			RefreshPlugins (0ms)
			BeforeProcessingInitializeOnLoad (222ms)
			ProcessInitializeOnLoadAttributes (1964ms)
			ProcessInitializeOnLoadMethodAttributes (444ms)
			AfterProcessingInitializeOnLoad (2ms)
			EditorAssembliesLoaded (3ms)
		ExecutionOrderSort2 (0ms)
		AwakeInstancesAfterBackupRestoration (64ms)
Refreshing native plugins compatible for Editor in 3.62 ms, found 3 plugins.
Preloading 0 native plugins for Editor in 0.00 ms.
Unloading 6565 Unused Serialized files (Serialized files now loaded: 0)
Unloading 56 unused Assets / (2.0 MB). Loaded Objects now: 7299.
Memory consumption went from 253.8 MB to 251.7 MB.
Total: 13.531708 ms (FindLiveObjects: 0.811458 ms CreateObjectMapping: 0.338208 ms MarkObjects: 10.056750 ms  DeleteObjects: 2.324416 ms)

Prepare: number of updated asset objects reloaded= 0
AssetImportParameters requested are different than current active one (requested -> active):
  custom:container-demuxer-ogg: 62fdf1f143b41e24485cea50d1cbac27 -> 
  custom:container-muxer-webm: aa71ff27fc2769a1b78a27578f13a17b -> 
  custom:video-decoder-webm-vp8: 9c59270c3fd7afecdb556c50c9e8de78 -> 
  custom:SearchIndexIgnoredProperties: e643bd26f0fe6173181afceb89e7c659 -> 
  custom:AudioImporter_EditorPlatform: 3918e3fc78b5a79bad01e8451be0beb8 -> 
  custom:audio-decoder-ogg-vorbis: bf7c407c2cedff20999df2af8eb42d56 -> 
  custom:audio-encoder-webm-vorbis: bf7c407c2cedff20999df2af8eb42d56 -> 
  custom:video-decoder-ogg-theora: a1e56fd34408186e4bbccfd4996cb3dc -> 
  custom:CustomObjectIndexerAttribute: 72b91833f83ae208fae7752999fa3104 -> 
  custom:container-demuxer-webm: 4f35f7cbe854078d1ac9338744f61a02 -> 
  custom:framework-osx-AVFoundation: e770b220cccbd017edd2c1fefb359320 -> 
  custom:video-encoder-webm-vp8: eb34c28f22e8b96e1ab97ce403110664 -> 
========================================================================
Received Import Request.
  Time since last request: 838.165731 seconds.
  path: Assets/Spawn Objects/Bottle1.prefab
  artifactKey: Guid(e1b446070dd325d4b91368103e801e98) Importer(815301076,1909f56bfc062723c751e8b465ee728b)
Start importing Assets/Spawn Objects/Bottle1.prefab using Guid(e1b446070dd325d4b91368103e801e98) Importer(815301076,1909f56bfc062723c751e8b465ee728b)  -> (artifact id: '84fe985f2f5d531873900eaea12fc336') in 1.681416 seconds
Number of updated asset objects reloaded before import = 0
Number of asset objects unloaded after import = 39
========================================================================
Received Import Request.
  Time since last request: 0.000552 seconds.
  path: Assets/Spawn Objects/pottedPlant.prefab
  artifactKey: Guid(0f8d53981e0464aabadbe1415f2ca0bd) Importer(815301076,1909f56bfc062723c751e8b465ee728b)
Start importing Assets/Spawn Objects/pottedPlant.prefab using Guid(0f8d53981e0464aabadbe1415f2ca0bd) Importer(815301076,1909f56bfc062723c751e8b465ee728b)  -> (artifact id: 'd4955c080467169aa09ff731ff32fa01') in 0.039323 seconds
Number of updated asset objects reloaded before import = 0
Number of asset objects unloaded after import = 15
========================================================================
Received Import Request.
  Time since last request: 0.000240 seconds.
  path: Assets/Spawn Objects/Pot.prefab
  artifactKey: Guid(ef2655fcf152846299942d6c8e43a1cd) Importer(815301076,1909f56bfc062723c751e8b465ee728b)
Start importing Assets/Spawn Objects/Pot.prefab using Guid(ef2655fcf152846299942d6c8e43a1cd) Importer(815301076,1909f56bfc062723c751e8b465ee728b)  -> (artifact id: '52af38cde663f81b314f7daa9efcdfcf') in 0.048403 seconds
Number of updated asset objects reloaded before import = 0
Number of asset objects unloaded after import = 30
========================================================================
Received Import Request.
  Time since last request: 0.000073 seconds.
  path: Assets/Spawn Objects/Can_Black.prefab
  artifactKey: Guid(39219a10507294d84b0059cb177de017) Importer(815301076,1909f56bfc062723c751e8b465ee728b)
Start importing Assets/Spawn Objects/Can_Black.prefab using Guid(39219a10507294d84b0059cb177de017) Importer(815301076,1909f56bfc062723c751e8b465ee728b)  -> (artifact id: '2c6e391a25a6630b4fb8a1c2701c1c32') in 0.019469 seconds
Number of updated asset objects reloaded before import = 0
Number of asset objects unloaded after import = 17
========================================================================
Received Prepare
Begin MonoManager ReloadAssembly
- Loaded All Assemblies, in  1.687 seconds
Refreshing native plugins compatible for Editor in 3.73 ms, found 3 plugins.
Native extension for iOS target not found
Native extension for OSXStandalone target not found
[Package Manager] Server::EnsureServerProcessIsRunning -- launch failed, reason: Unity was launched with the -noUpm command-line argument
[Package Manager] UpmClient::Send -- Unable to send message (not connected to UPM process).
[Package Manager] Cannot connect to Unity Package Manager local server
[Package Manager] Server::EnsureServerProcessIsRunning -- launch failed, reason: Unity was launched with the -noUpm command-line argument
[Package Manager] UpmClient::Send -- Unable to send message (not connected to UPM process).
[Package Manager] Cannot connect to Unity Package Manager local server
Mono: successfully reloaded assembly
[Package Manager] Server::EnsureServerProcessIsRunning -- launch failed, reason: Unity was launched with the -noUpm command-line argument
[Package Manager] UpmClient::Send -- Unable to send message (not connected to UPM process).
[Package Manager] Cannot connect to Unity Package Manager local server
- Finished resetting the current domain, in  4.702 seconds
Domain Reload Profiling: 6392ms
	BeginReloadAssembly (648ms)
		ExecutionOrderSort (1ms)
		DisableScriptedObjects (85ms)
		BackupInstance (0ms)
		ReleaseScriptingObjects (0ms)
		CreateAndSetChildDomain (185ms)
	RebuildCommonClasses (84ms)
	RebuildNativeTypeToScriptingClass (24ms)
	initialDomainReloadingComplete (119ms)
	LoadAllAssembliesAndSetupDomain (814ms)
		LoadAssemblies (850ms)
		RebuildTransferFunctionScriptingTraits (0ms)
		AnalyzeDomain (232ms)
			TypeCache.Refresh (67ms)
				TypeCache.ScanAssembly (5ms)
			ScanForSourceGeneratedMonoScriptInfo (84ms)
			ResolveRequiredComponents (80ms)
	FinalizeReload (4704ms)
		ReleaseScriptCaches (0ms)
		RebuildScriptCaches (0ms)
		SetupLoadedEditorAssemblies (2980ms)
			LogAssemblyErrors (0ms)
			InitializePlatformSupportModulesInManaged (118ms)
			SetLoadedEditorAssemblies (14ms)
			RefreshPlugins (0ms)
			BeforeProcessingInitializeOnLoad (245ms)
			ProcessInitializeOnLoadAttributes (2039ms)
			ProcessInitializeOnLoadMethodAttributes (554ms)
			AfterProcessingInitializeOnLoad (4ms)
			EditorAssembliesLoaded (7ms)
		ExecutionOrderSort2 (1ms)
		AwakeInstancesAfterBackupRestoration (76ms)
Refreshing native plugins compatible for Editor in 5.58 ms, found 3 plugins.
Preloading 0 native plugins for Editor in 0.00 ms.
Unloading 6565 Unused Serialized files (Serialized files now loaded: 0)
Unloading 55 unused Assets / (2.1 MB). Loaded Objects now: 7341.
Memory consumption went from 261.9 MB to 259.8 MB.
Total: 11.210792 ms (FindLiveObjects: 0.599000 ms CreateObjectMapping: 0.318083 ms MarkObjects: 8.662041 ms  DeleteObjects: 1.630333 ms)

Prepare: number of updated asset objects reloaded= 0
AssetImportParameters requested are different than current active one (requested -> active):
  custom:container-demuxer-ogg: 62fdf1f143b41e24485cea50d1cbac27 -> 
  custom:container-muxer-webm: aa71ff27fc2769a1b78a27578f13a17b -> 
  custom:video-decoder-webm-vp8: 9c59270c3fd7afecdb556c50c9e8de78 -> 
  custom:SearchIndexIgnoredProperties: e643bd26f0fe6173181afceb89e7c659 -> 
  custom:AudioImporter_EditorPlatform: 3918e3fc78b5a79bad01e8451be0beb8 -> 
  custom:audio-decoder-ogg-vorbis: bf7c407c2cedff20999df2af8eb42d56 -> 
  custom:audio-encoder-webm-vorbis: bf7c407c2cedff20999df2af8eb42d56 -> 
  custom:video-decoder-ogg-theora: a1e56fd34408186e4bbccfd4996cb3dc -> 
  custom:CustomObjectIndexerAttribute: 72b91833f83ae208fae7752999fa3104 -> 
  custom:container-demuxer-webm: 4f35f7cbe854078d1ac9338744f61a02 -> 
  custom:framework-osx-AVFoundation: e770b220cccbd017edd2c1fefb359320 -> 
  custom:video-encoder-webm-vp8: eb34c28f22e8b96e1ab97ce403110664 -> 
========================================================================
Received Import Request.
  Time since last request: 29.305310 seconds.
  path: Assets/Spawn Objects/pottedPlant.prefab
  artifactKey: Guid(0f8d53981e0464aabadbe1415f2ca0bd) Importer(815301076,1909f56bfc062723c751e8b465ee728b)
Start importing Assets/Spawn Objects/pottedPlant.prefab using Guid(0f8d53981e0464aabadbe1415f2ca0bd) Importer(815301076,1909f56bfc062723c751e8b465ee728b)  -> (artifact id: '9e1a7f67c01d1a45a847e19c45903156') in 1.489247 seconds
Number of updated asset objects reloaded before import = 0
Number of asset objects unloaded after import = 33
========================================================================
Received Import Request.
  Time since last request: 0.000124 seconds.
  path: Assets/Spawn Objects/Pot.prefab
  artifactKey: Guid(ef2655fcf152846299942d6c8e43a1cd) Importer(815301076,1909f56bfc062723c751e8b465ee728b)
Start importing Assets/Spawn Objects/Pot.prefab using Guid(ef2655fcf152846299942d6c8e43a1cd) Importer(815301076,1909f56bfc062723c751e8b465ee728b)  -> (artifact id: '4aa72b6c5929f7092c261ea2499050bd') in 0.083089 seconds
Number of updated asset objects reloaded before import = 0
Number of asset objects unloaded after import = 30
========================================================================
Received Import Request.
  Time since last request: 0.000119 seconds.
  path: Assets/Spawn Objects/Bottle1.prefab
  artifactKey: Guid(e1b446070dd325d4b91368103e801e98) Importer(815301076,1909f56bfc062723c751e8b465ee728b)
Start importing Assets/Spawn Objects/Bottle1.prefab using Guid(e1b446070dd325d4b91368103e801e98) Importer(815301076,1909f56bfc062723c751e8b465ee728b)  -> (artifact id: 'f93b176d1da768fa2684e3319165b36d') in 0.016501 seconds
Number of updated asset objects reloaded before import = 0
Number of asset objects unloaded after import = 21
========================================================================
Received Import Request.
  Time since last request: 0.000068 seconds.
  path: Assets/Spawn Objects/Meat.prefab
  artifactKey: Guid(86739183ed30b4c3dbb1dba1bf16e990) Importer(815301076,1909f56bfc062723c751e8b465ee728b)
Start importing Assets/Spawn Objects/Meat.prefab using Guid(86739183ed30b4c3dbb1dba1bf16e990) Importer(815301076,1909f56bfc062723c751e8b465ee728b)  -> (artifact id: '7734a3128ceef2a30fe51d46d174689d') in 0.025192 seconds
Number of updated asset objects reloaded before import = 0
Number of asset objects unloaded after import = 25
